<?xml version="1.0" encoding="UTF-8"?>
<!-- Generated by org.testng.reporters.JUnitReportReporter -->
<testsuite hostname="DESKTOP-BUSH2SQ" failures="0" tests="1" name="scripting.TestCase2" time="31.709" errors="0" timestamp="2022-11-06T19:49:50 IST" skipped="0">
  <testcase classname="scripting.TestCase2" name="tc2" time="31.709"/>
  <system-out/>
</testsuite> <!-- scripting.TestCase2 -->
