<?xml version="1.0" encoding="UTF-8"?>
<!-- Generated by org.testng.reporters.JUnitReportReporter -->
<testsuite hostname="DESKTOP-BUSH2SQ" failures="0" tests="1" name="scripting.TestCase1" time="18.838" errors="0" timestamp="2022-11-06T19:49:50 IST" skipped="0">
  <testcase classname="scripting.TestCase1" name="tc1" time="18.838"/>
  <system-out/>
</testsuite> <!-- scripting.TestCase1 -->
